[08/05/24 23:12:27] "Maou no Ore ga Dorei Elf wo Yome ni Shitanda ga, Dou Medereba Ii- [episodio 6].mp4" | /home/carlos/All/Drives/Carlos_EXT/Paquete/Anime Transmision/Maou no Ore ga Dorei Elf wo Yome ni Shitanda ga, Dou Medereba Ii- [episodio 6].mp4
[09/05/24 10:29:48] "Mission  Yozakura Family - 1x04.mp4" | /home/carlos/All/Drives/Carlos_EXT/Paquete/Anime Transmision/Mission  Yozakura Family - 1x04.mp4
[09/05/24 11:44:46] "_Schuyler Defeated_ from HAMILTON_128_kbps_WEBMA_OPUS.webm" | /home/carlos/All/Data/Music/Musicals/tttt/_Schuyler Defeated_ from HAMILTON_128_kbps_WEBMA_OPUS.webm
[09/05/24 11:44:50] "_The Schuyler Sisters_ from HAMILTON_127_kbps_WEBMA_OPUS.webm" | /home/carlos/All/Data/Music/Musicals/tttt/_The Schuyler Sisters_ from HAMILTON_127_kbps_WEBMA_OPUS.webm
[09/05/24 11:44:54] "_Yorktown (The World Turned Upside Down)_ from HAMILTON_127_kbps_WEBMA_OPUS.webm" | /home/carlos/All/Data/Music/Musicals/tttt/_Yorktown (The World Turned Upside Down)_ from HAMILTON_127_kbps_WEBMA_OPUS.webm
[09/05/24 11:45:35] "Castle on a Cloud" | /home/carlos/All/Data/Music/Musicals/tttt/1-12 Castle on a Cloud.mp4
[09/05/24 12:07:51] "My_Shot.mp3" | /home/carlos/All/Data/Music/Musicals/Hamilton/My_Shot.mp3
[09/05/24 14:56:37] "Mission  Yozakura Family - 1x04.mp4" | /home/carlos/All/Pendiente/Mission  Yozakura Family - 1x04.mp4
[09/05/24 14:57:56] "Mushoku Tensei Isekai Ittara Honki Dasu - 2x16.ts" | /home/carlos/All/Pendiente/Mushoku Tensei Isekai Ittara Honki Dasu - 2x16.ts
[09/05/24 20:06:20] "Mushoku Tensei II - 2x16.mkv" | /home/carlos/All/Pendiente/Mushoku Tensei II - 2x16.mkv
[09/05/24 20:06:23] "Mushoku Tensei II- Isekai Ittara Honki Dasu Part 2 [episodio 4].mp4" | /home/carlos/All/Pendiente/Mushoku Tensei II- Isekai Ittara Honki Dasu Part 2 [episodio 4].mp4
[09/05/24 20:08:43] "Mushoku Tensei II - 2x16.mkv" | /home/carlos/All/Drives/Carlos_EXT/Paquete/Anime Transmision/Mushoku Tensei II - 2x16.mkv
[09/05/24 20:09:05] "Mushoku Tensei II- Isekai Ittara Honki Dasu Part 2 [episodio 4].mp4" | /home/carlos/All/Drives/Carlos_EXT/Paquete/Anime Transmision/Mushoku Tensei II- Isekai Ittara Honki Dasu Part 2 [episodio 4].mp4
[09/05/24 20:09:53] "Ookami to Koushinryou- Merchant Meets the Wise Wolf [episodio 5].mp4" | /home/carlos/All/Drives/Carlos_EXT/Paquete/Anime Transmision/Ookami to Koushinryou- Merchant Meets the Wise Wolf [episodio 5].mp4
[09/05/24 20:56:06] "Sentai Daishikkaku [episodio 4].mp4" | /home/carlos/All/Drives/Carlos_EXT/Paquete/Anime Transmision/Sentai Daishikkaku [episodio 4].mp4
[09/05/24 20:56:36] "Spice and Wolf - 1x05.mp4" | /home/carlos/All/Drives/Carlos_EXT/Paquete/Anime Transmision/Spice and Wolf - 1x05.mp4
[10/05/24 20:32:44] "Wind Breaker [episodio 5].mp4" | /home/carlos/All/Drives/Carlos_EXT/Paquete/Anime Transmision/Wind Breaker [episodio 5].mp4
[10/05/24 20:32:54] "Yozakura-san Chi no Daisakusen [episodio 4].mp4" | /home/carlos/All/Drives/Carlos_EXT/Paquete/Anime Transmision/Yozakura-san Chi no Daisakusen [episodio 4].mp4
[10/05/24 20:34:30] "Bartender  Glass of God - 1x05.mp4" | /home/carlos/All/Drives/Carlos_EXT/Paquete/Anime Transmision/Bartender  Glass of God - 1x05.mp4
[10/05/24 20:34:34] "Bartender- Kami no Glass [episodio 5].mp4" | /home/carlos/All/Drives/Carlos_EXT/Paquete/Anime Transmision/Bartender- Kami no Glass [episodio 5].mp4
[10/05/24 20:53:22] "Kono Subarashii Sekai ni Shukufuku wo! - 3x01.mp4" | /home/carlos/All/Drives/Carlos_EXT/Paquete/Anime Transmision/Kono Subarashii Sekai ni Shukufuku wo! - 3x01.mp4
[10/05/24 21:12:43] "Kono Subarashii Sekai ni Shukufuku wo! - 3x02.mp4" | /home/carlos/All/Drives/Carlos_EXT/Paquete/Anime Transmision/Kono Subarashii Sekai ni Shukufuku wo! - 3x02.mp4
[10/05/24 21:29:11] "Kono Subarashii Sekai ni Shukufuku wo! - 3x03.mp4" | /home/carlos/All/Drives/Carlos_EXT/Paquete/Anime Transmision/Kono Subarashii Sekai ni Shukufuku wo! - 3x03.mp4
[10/05/24 21:45:15] "Kono Subarashii Sekai ni Shukufuku wo! - 3x04.mp4" | /home/carlos/All/Drives/Carlos_EXT/Paquete/Anime Transmision/Kono Subarashii Sekai ni Shukufuku wo! - 3x04.mp4
[11/05/24 00:48:02] "Fallout - 1x02.mp4" | /home/carlos/All/Drives/Carlos_EXT/Paquete/Fallout/Fallout - [Temp 1] [Cap-02] [MP4]/Fallout - 1x02.mp4
[11/05/24 01:22:48] "Fallout - 1x03.mp4" | /home/carlos/All/Drives/Carlos_EXT/Paquete/Fallout/Fallout - [Temp 1] [Cap-03] [MP4]/Fallout - 1x03.mp4
[11/05/24 01:44:37] "Fallout - 1x04.mp4" | /home/carlos/All/Drives/Carlos_EXT/Paquete/Fallout/Fallout - [Temp 1] [Cap-04] [MP4]/Fallout - 1x04.mp4
[11/05/24 12:35:49] "Fallout - 1x05.mp4" | /home/carlos/All/Drives/Carlos_EXT/Paquete/Fallout/Fallout - [Temp 1] [Cap-05] [MP4]/Fallout - 1x05.mp4
[11/05/24 13:40:29] "Fallout - 1x06.mp4" | /home/carlos/All/Drives/Carlos_EXT/Paquete/Fallout/Fallout - [Temp 1] [Cap-06] [MP4]/Fallout - 1x06.mp4
[11/05/24 14:18:22] "Fallout - 1x07.mp4" | /home/carlos/All/Drives/Carlos_EXT/Paquete/Fallout/Fallout - [Temp 1] [Cap-07] [MP4]/Fallout - 1x07.mp4
[11/05/24 16:18:41] "Fallout - 1x08.mp4" | /home/carlos/All/Drives/Carlos_EXT/Paquete/Fallout/Fallout - [Temp 1] [Cap-08] [MP4]/Fallout - 1x08.mp4
[11/05/24 17:20:27] "The First Slam Dunk .mp4" | /home/carlos/All/Drives/Carlos_EXT/Paquete/Peliculas/Slam Dunk/The First Slam Dunk .mp4
[11/05/24 17:21:19] "Spy x Family Código - Blanco [2023] [1080p] [Copia de Cine].mp4" | /home/carlos/All/Drives/Carlos_EXT/Paquete/Peliculas/Spy x Family Código - Blanco [2023] [1080p] [Copia de Cine] [4.38 Gb]/Spy x Family Código - Blanco [2023] [1080p] [Copia de Cine].mp4
[11/05/24 19:25:00] "Guitar Lesson  Polyphia  Playing God By yuichi Reupload_480p_WEBM.webm" | /home/carlos/All/Drives/Carlos_USB/Aprender/Musica/Guitar Lesson  Polyphia  Playing God By yuichi Reupload_480p_WEBM.webm
[11/05/24 19:31:21] "Arabian_Egyptian Jam Track - E Phrygian Dominant 110 Bpm.mp4" | /home/carlos/All/Drives/Carlos_USB/Aprender/Musica/Backing tracks/Arabian_Egyptian Jam Track - E Phrygian Dominant 110 Bpm.mp4
[11/05/24 19:51:49] "Dark Progressive Metal Backing Track in B Harmonic Minor _ 130 BPM.mp4" | /home/carlos/All/Drives/Carlos_USB/Aprender/Musica/Backing tracks/Dark Progressive Metal Backing Track in B Harmonic Minor _ 130 BPM.mp4
[11/05/24 21:00:35] "Jujutsu Kaisen 0 Movie.mp4" | /home/carlos/All/Drives/Carlos_EXT/Paquete/Peliculas/Jujutsu Kaisen [2022] [1080p] [Dual Audio]/Jujutsu Kaisen 0 Movie.mp4
[11/05/24 21:00:38] "Jujutsu-Kaisen-0-The-Movie-2021-HD-1080p-y-720p-Latino-Dual-Portada.webp" | /home/carlos/All/Drives/Carlos_EXT/Paquete/Peliculas/Jujutsu Kaisen [2022] [1080p] [Dual Audio]/Jujutsu-Kaisen-0-The-Movie-2021-HD-1080p-y-720p-Latino-Dual-Portada.webp
[11/05/24 21:01:50] "Mahouka Koukou no Rettousei Movie Hoshi wo Yobu Shoujo.mp4" | /home/carlos/All/Drives/Carlos_EXT/Paquete/Peliculas/Mahouka Koukou no Rettousei Movie Hoshi wo Yobu Shoujo/Mahouka Koukou no Rettousei Movie Hoshi wo Yobu Shoujo.mp4
[11/05/24 21:02:56] "Mahouka Koukou no Rettousei- Tsuioku-hen Episodio 1.mkv" | /home/carlos/All/Drives/Carlos_EXT/Paquete/Peliculas/Mahouka Koukou no Rettousei- Tsuioku-hen/Mahouka Koukou no Rettousei- Tsuioku-hen Episodio 1.mkv
[11/05/24 23:53:16] "majokko-shimai-no-yoyo-to-nene-1.mp4" | /home/carlos/All/Drives/Carlos_EXT/Paquete/Peliculas/Majokko-shimai-no-yoyo-to-nene-1 [FILM]/majokko-shimai-no-yoyo-to-nene-1.mp4
[12/05/24 00:08:15] "Fate Grand Order First Order [2016] [1080p].mp4" | /home/carlos/All/Drives/Carlos_EXT/Paquete/Peliculas/Fate Grand Order First Order [2016] [1080p] [1.2 Gb]/Fate Grand Order First Order [2016] [1080p].mp4
[12/05/24 14:12:29] "El.castillo.a.traves.del.espejo.2022.1080p.Castellano.Mega1080p" | /home/carlos/All/Drives/Carlos_EXT/Paquete/Peliculas/El castillo a traves del espejo/El castillo a traves del espejo [2022] [1080p] [Dual Audio].mkv
[12/05/24 14:27:33] "WwW.DigiMoviez.Com" | /home/carlos/All/Drives/Carlos_EXT/Series/Sitcom/HIMYM/S6/How.I.Met.Your.Mother.S06E01.720p.WEB-DL.SoftSub.DigiMoviez.mkv
[12/05/24 14:27:43] "PSArips.com | How.I.Met.Your.Mother.S04E01.720p.WEB-DL.2CH.x265.HEVC-PSA" | /home/carlos/All/Drives/Carlos_EXT/Series/Sitcom/HIMYM/S4/How.I.Met.Your.Mother.S04E01.720p.WEB-DL.2CH.x265.mkv
[12/05/24 14:28:06] "WwW.DigiMoviez.Com" | /home/carlos/All/Drives/Carlos_EXT/Series/Sitcom/HIMYM/S4/How.I.Met.Your.Mother.S04E12.720p.BluRay.SoftSub.DigiMoviez.mkv
[12/05/24 14:33:52] "WwW.DigiMoviez.Com" | /home/carlos/All/Drives/Carlos_EXT/Series/Sitcom/HIMYM/S5/How.I.Met.Your.Mother.S05E01.720p.BluRay.SoftSub.DigiMoviez.mkv.mkv
[12/05/24 14:40:49] "WwW.DigiMoviez.Com" | /home/carlos/All/Drives/Carlos_EXT/Series/Sitcom/HIMYM/S5/How.I.Met.Your.Mother.S05E02.720p.BluRay.SoftSub.DigiMoviez.mkv
[12/05/24 15:21:41] "WwW.DigiMoviez.Com" | /home/carlos/All/Drives/Carlos_EXT/Series/Sitcom/HIMYM/S5/How.I.Met.Your.Mother.S05E03.720p.BluRay.SoftSub.DigiMoviez.mkv
[12/05/24 17:26:11] "El Viaje De Rickey Hill [2023] [1080p] [Dual Audio].mkv" | /media/carlos/CARLOS/1.VER/1.NUEVO/El Viaje De Rickey Hill [2023] [1080p] [Dual Audio] [2.54 Gb]/El Viaje De Rickey Hill [2023] [1080p] [Dual Audio].mkv
[12/05/24 21:17:45] "Haikyuu!! 2.mp4" | /home/carlos/All/Drives/Carlos_EXT/Series/Animation/Haikyuu!!/1-Haikyuu!!/Haikyuu!! 2.mp4
[12/05/24 21:25:13] "Haikyuu!! 3.mp4" | /home/carlos/All/Drives/Carlos_EXT/Series/Animation/Haikyuu!!/1-Haikyuu!!/Haikyuu!! 3.mp4
[12/05/24 21:33:08] "Haikyuu!! 4.mp4" | /home/carlos/All/Drives/Carlos_EXT/Series/Animation/Haikyuu!!/1-Haikyuu!!/Haikyuu!! 4.mp4
[13/05/24 20:17:03] "Star Wars Cronicas Del Imperio 1080p - 1x01.mkv" | /media/carlos/Disco local/DaxerA 11-5-2024/Animados/Series Animadas [Finalizadas]/Star Wars Cronicas del Imperio [Temp-1] [2024] [HD] [1080p]/Star Wars Cronicas Del Imperio 1080p - 1x01.mkv
[13/05/24 20:26:21] "King Arthur (2004).avi" | /media/carlos/Disco local/DaxerA 11-5-2024/Películas Variadas/Películas Clásicas/[Aventura] King Arthur [2004]/King Arthur (2004).avi
[15/05/24 14:57:46] "Kaijuu 8-gou [episodio 4].mp4" | /home/carlos/All/Drives/Carlos_EXT/Paquete/Anime Transmision/Kaijuu 8-gou [episodio 4].mp4
[15/05/24 15:12:42] "Kono Subarashii Sekai ni Shukufuku wo! 3 [episodio 5].mp4" | /home/carlos/All/Drives/Carlos_EXT/Paquete/Anime Transmision/Kono Subarashii Sekai ni Shukufuku wo! 3 [episodio 5].mp4
[15/05/24 15:25:23] "Maou no Ore ga Dorei Elf wo Yome ni Shitanda ga, Dou Medereba Ii- [episodio 7].mp4" | /home/carlos/All/Drives/Carlos_EXT/Paquete/Anime Transmision/Maou no Ore ga Dorei Elf wo Yome ni Shitanda ga, Dou Medereba Ii- [episodio 7].mp4
[15/05/24 15:39:50] "Mushoku Tensei II- Isekai Ittara Honki Dasu Part 2 [episodio 5].mp4" | /home/carlos/All/Drives/Carlos_EXT/Paquete/Anime Transmision/Mushoku Tensei II- Isekai Ittara Honki Dasu Part 2 [episodio 5].mp4
[15/05/24 15:52:26] "Spice And Wolf - 1x06.mp4" | /home/carlos/All/Drives/Carlos_EXT/Paquete/Anime Transmision/Spice And Wolf - 1x06.mp4
[15/05/24 15:52:47] "Yozakura-san Chi no Daisakusen [episodio 5].mp4" | /home/carlos/All/Drives/Carlos_EXT/Paquete/Anime Transmision/Yozakura-san Chi no Daisakusen [episodio 5].mp4
[17/05/24 13:10:21] "Descargatepelis.com" | /home/carlos/All/Drives/Carlos_EXT/Paquete/Series/Doctor Who - [Temp 1] [Cap-03] [MKV]/Doctor Who - 1x03.mkv
[17/05/24 13:23:53] "Haikyuu!! 5.mp4" | /home/carlos/All/Drives/Carlos_EXT/Series/Animation/Haikyuu!!/1-Haikyuu!!/Haikyuu!! 5.mp4
[17/05/24 23:56:13] "Haikyuu!! 1.mp4" | /home/carlos/All/Drives/Carlos_EXT/Series/Animation/Haikyuu!!/1-Haikyuu!!/Haikyuu!! 1.mp4
[17/05/24 23:57:45] "Haikyuu!! 6.mp4" | /home/carlos/All/Drives/Carlos_EXT/Series/Animation/Haikyuu!!/1-Haikyuu!!/Haikyuu!! 6.mp4
[18/05/24 16:16:57] "Haikyuu!! 7.mp4" | /home/carlos/All/Drives/Carlos_EXT/Series/Animation/Haikyuu!!/1-Haikyuu!!/Haikyuu!! 7.mp4
[18/05/24 20:11:06] "Haikyuu!! 10.mp4" | /home/carlos/All/Drives/Carlos_EXT/Series/Animation/Haikyuu!!/1-Haikyuu!!/Haikyuu!! 10.mp4
[18/05/24 20:36:50] "Haikyuu!! 11.mp4" | /home/carlos/All/Drives/Carlos_EXT/Series/Animation/Haikyuu!!/1-Haikyuu!!/Haikyuu!! 11.mp4
[18/05/24 20:54:12] "Haikyuu!! 12.mp4" | /home/carlos/All/Drives/Carlos_EXT/Series/Animation/Haikyuu!!/1-Haikyuu!!/Haikyuu!! 12.mp4
[19/05/24 00:01:58] "Haikyuu!! 8.mp4" | /home/carlos/All/Drives/Carlos_EXT/Series/Animation/Haikyuu!!/1-Haikyuu!!/Haikyuu!! 8.mp4
[19/05/24 00:02:03] "Haikyuu!! 9.mp4" | /home/carlos/All/Drives/Carlos_EXT/Series/Animation/Haikyuu!!/1-Haikyuu!!/Haikyuu!! 9.mp4
[19/05/24 00:03:02] "Haikyuu!! 13.mp4" | /home/carlos/All/Drives/Carlos_EXT/Series/Animation/Haikyuu!!/1-Haikyuu!!/Haikyuu!! 13.mp4
[19/05/24 00:14:29] "Haikyuu!! 14.mp4" | /home/carlos/All/Drives/Carlos_EXT/Series/Animation/Haikyuu!!/1-Haikyuu!!/Haikyuu!! 14.mp4
[19/05/24 00:24:43] "Haikyuu!! 15.mp4" | /home/carlos/All/Drives/Carlos_EXT/Series/Animation/Haikyuu!!/1-Haikyuu!!/Haikyuu!! 15.mp4
[19/05/24 00:35:00] "Captain Harlock (2014).mkv" | /home/carlos/All/Drives/Carlos_EXT/Peliculas/Animacion/Captain Harlock/Captain Harlock (2014).mkv
[19/05/24 19:57:31] "Haikyuu!! 16.mp4" | /home/carlos/All/Drives/Carlos_EXT/Series/Animation/Haikyuu!!/1-Haikyuu!!/Haikyuu!! 16.mp4
[19/05/24 20:09:24] "Haikyuu!! 17.mp4" | /home/carlos/All/Drives/Carlos_EXT/Series/Animation/Haikyuu!!/1-Haikyuu!!/Haikyuu!! 17.mp4
[19/05/24 20:23:24] "Haikyuu!! 18.mp4" | /home/carlos/All/Drives/Carlos_EXT/Series/Animation/Haikyuu!!/1-Haikyuu!!/Haikyuu!! 18.mp4
[19/05/24 20:43:58] "Haikyuu!! 19.mp4" | /home/carlos/All/Drives/Carlos_EXT/Series/Animation/Haikyuu!!/1-Haikyuu!!/Haikyuu!! 19.mp4
[19/05/24 20:55:19] "Haikyuu!! 20.mp4" | /home/carlos/All/Drives/Carlos_EXT/Series/Animation/Haikyuu!!/1-Haikyuu!!/Haikyuu!! 20.mp4
[19/05/24 21:04:46] "Haikyuu!! 21.mp4" | /home/carlos/All/Drives/Carlos_EXT/Series/Animation/Haikyuu!!/1-Haikyuu!!/Haikyuu!! 21.mp4
[19/05/24 21:14:35] "Haikyuu!! 22.mp4" | /home/carlos/All/Drives/Carlos_EXT/Series/Animation/Haikyuu!!/1-Haikyuu!!/Haikyuu!! 22.mp4
[19/05/24 21:23:20] "Haikyuu!! 23.mp4" | /home/carlos/All/Drives/Carlos_EXT/Series/Animation/Haikyuu!!/1-Haikyuu!!/Haikyuu!! 23.mp4
[19/05/24 21:26:55] "Haikyuu!! 24.mp4" | /home/carlos/All/Drives/Carlos_EXT/Series/Animation/Haikyuu!!/1-Haikyuu!!/Haikyuu!! 24.mp4
[19/05/24 21:27:39] "Haikyuu!! 25.mp4" | /home/carlos/All/Drives/Carlos_EXT/Series/Animation/Haikyuu!!/1-Haikyuu!!/Haikyuu!! 25.mp4
[19/05/24 21:45:01] "Haikyuu!! 2 1.mp4" | /home/carlos/All/Drives/Carlos_EXT/Series/Animation/Haikyuu!!/2-Haikyuu!! 2/Haikyuu!! 2 1.mp4
[19/05/24 21:54:06] "Entre_Dos_Aguas_BACKING_TRACK.mp4" | /home/carlos/All/Drives/Carlos_USB/Aprender/Musica/Backing tracks/Entre_Dos_Aguas_BACKING_TRACK.mp4
[19/05/24 21:57:42] "J._S._Bach_-_BWV_998_-_II_Fugue_-_Guitar_Lesson_TAB(360p).mp4" | /home/carlos/All/Drives/Carlos_USB/Aprender/Musica/Canciones/Aprender/J._S._Bach_-_BWV_998_-_II_Fugue_-_Guitar_Lesson_TAB(360p).mp4
[19/05/24 22:54:52] "Recuerdos_de_la_Alhambra_-_Guitar_Lesson_+_TAB(360p).mp4" | /home/carlos/All/Drives/Carlos_USB/Aprender/Musica/Canciones/Aprender/Recuerdos_de_la_Alhambra_-_Guitar_Lesson_+_TAB(360p).mp4
[20/05/24 17:12:31] "Haikyuu!! 2 2.mp4" | /home/carlos/All/Drives/Carlos_EXT/Series/Animation/Haikyuu!!/2-Haikyuu!! 2/Haikyuu!! 2 2.mp4
[20/05/24 17:47:14] "Haikyuu!! 2 3.mp4" | /home/carlos/All/Drives/Carlos_EXT/Series/Animation/Haikyuu!!/2-Haikyuu!! 2/Haikyuu!! 2 3.mp4
[20/05/24 18:18:46] "Haikyuu!! 2 4.mp4" | /home/carlos/All/Drives/Carlos_EXT/Series/Animation/Haikyuu!!/2-Haikyuu!! 2/Haikyuu!! 2 4.mp4
[20/05/24 18:37:34] "Haikyuu!! 2 5.mp4" | /home/carlos/All/Drives/Carlos_EXT/Series/Animation/Haikyuu!!/2-Haikyuu!! 2/Haikyuu!! 2 5.mp4
[20/05/24 18:55:35] "Haikyuu!! 2 6.mp4" | /home/carlos/All/Drives/Carlos_EXT/Series/Animation/Haikyuu!!/2-Haikyuu!! 2/Haikyuu!! 2 6.mp4
[20/05/24 19:26:51] "Haikyuu!! 2 7.mp4" | /home/carlos/All/Drives/Carlos_EXT/Series/Animation/Haikyuu!!/2-Haikyuu!! 2/Haikyuu!! 2 7.mp4
[20/05/24 19:36:11] "Haikyuu!! 2 8.mp4" | /home/carlos/All/Drives/Carlos_EXT/Series/Animation/Haikyuu!!/2-Haikyuu!! 2/Haikyuu!! 2 8.mp4
[20/05/24 19:50:40] "Haikyuu!! 2 9.mp4" | /home/carlos/All/Drives/Carlos_EXT/Series/Animation/Haikyuu!!/2-Haikyuu!! 2/Haikyuu!! 2 9.mp4
[20/05/24 20:05:22] "Haikyuu!! 2 10.mp4" | /home/carlos/All/Drives/Carlos_EXT/Series/Animation/Haikyuu!!/2-Haikyuu!! 2/Haikyuu!! 2 10.mp4
[20/05/24 20:24:27] "Solo Leveling_ Arise - Official Global Launch Trailer.mp4" | /media/carlos/Elements/DaxerA 18-5-2024/Trailers [HD] [2023]/Game Trailers/Solo Leveling_ Arise - Official Global Launch Trailer.mp4
[20/05/24 20:25:59] "futsuu-no-joshikousei-ga-yatte-mita-1.mp4" | /media/carlos/Elements/DaxerA 18-5-2024/Mangas [Anime] 2023/Series Anime [Clasicas] [Finalizadas]/futsuu-no-joshikousei-ga-yatte-mita/futsuu-no-joshikousei-ga-yatte-mita-1.mp4
[20/05/24 20:26:09] "Freezing - 01.mp4" | /media/carlos/Elements/DaxerA 18-5-2024/Mangas [Anime] 2023/Series Anime [Clasicas] [Finalizadas]/1.Frezzing/Freezing - 01.mp4
[20/05/24 20:26:25] "Fuuto Tantei Episodio 1.mp4" | /media/carlos/Elements/DaxerA 18-5-2024/Mangas [Anime] 2023/Series Anime [Clasicas] [Finalizadas]/Fuuto Tantei/Fuuto Tantei Episodio 1.mp4
[20/05/24 20:26:31] "Fuuto Tantei Episodio 2.mp4" | /media/carlos/Elements/DaxerA 18-5-2024/Mangas [Anime] 2023/Series Anime [Clasicas] [Finalizadas]/Fuuto Tantei/Fuuto Tantei Episodio 2.mp4
[20/05/24 20:26:46] "Ki-ba 01.rmvb" | /media/carlos/Elements/DaxerA 18-5-2024/Mangas [Anime] 2023/Series Anime [Clasicas] [Finalizadas]/KIBA/Ki-ba 01.rmvb
[20/05/24 20:26:52] "Ki-ba 02 [www.elrincondelmanga.com] by Nenec.rmvb" | /media/carlos/Elements/DaxerA 18-5-2024/Mangas [Anime] 2023/Series Anime [Clasicas] [Finalizadas]/KIBA/Ki-ba 02 [www.elrincondelmanga.com] by Nenec.rmvb
[20/05/24 20:27:11] "fuuun-ishin-dai-shougun-1.mp4" | /media/carlos/Elements/DaxerA 18-5-2024/Mangas [Anime] 2023/Series Anime [Clasicas] [Finalizadas]/Fuuun Ishin Dai Shogun/fuuun-ishin-dai-shougun-1.mp4
[20/05/24 21:26:47] "Haikyuu!! 2 11.mp4" | /home/carlos/All/Drives/Carlos_EXT/Series/Animation/Haikyuu!!/2-Haikyuu!! 2/Haikyuu!! 2 11.mp4
[20/05/24 21:27:05] "Fate_Grand Order_ Shuukyoku Tokuiten - Kani Jikan Shinden Solomon.mp4" | /home/carlos/All/Drives/Carlos_EXT/Paquete/Fate_Grand Order_ Shuukyoku Tokuiten - Kani Jikan Shinden Solomon/Fate_Grand Order_ Shuukyoku Tokuiten - Kani Jikan Shinden Solomon.mp4
[20/05/24 21:45:05] "Haikyuu!! 2 12.mp4" | /home/carlos/All/Drives/Carlos_EXT/Series/Animation/Haikyuu!!/2-Haikyuu!! 2/Haikyuu!! 2 12.mp4
[20/05/24 22:05:37] "Haikyuu!! 2 13.mp4" | /home/carlos/All/Drives/Carlos_EXT/Series/Animation/Haikyuu!!/2-Haikyuu!! 2/Haikyuu!! 2 13.mp4
[20/05/24 22:22:29] "Haikyuu!! 2 14.mp4" | /home/carlos/All/Drives/Carlos_EXT/Series/Animation/Haikyuu!!/2-Haikyuu!! 2/Haikyuu!! 2 14.mp4
[20/05/24 22:36:05] "Haikyuu!! 2 15.mp4" | /home/carlos/All/Drives/Carlos_EXT/Series/Animation/Haikyuu!!/2-Haikyuu!! 2/Haikyuu!! 2 15.mp4
[20/05/24 23:21:11] "Haikyuu!! 2 16.mp4" | /home/carlos/All/Drives/Carlos_EXT/Series/Animation/Haikyuu!!/2-Haikyuu!! 2/Haikyuu!! 2 16.mp4
[20/05/24 23:29:09] "Haikyuu!! 2 17.mp4" | /home/carlos/All/Drives/Carlos_EXT/Series/Animation/Haikyuu!!/2-Haikyuu!! 2/Haikyuu!! 2 17.mp4
[20/05/24 23:51:31] "Haikyuu!! 2 18.mp4" | /home/carlos/All/Drives/Carlos_EXT/Series/Animation/Haikyuu!!/2-Haikyuu!! 2/Haikyuu!! 2 18.mp4
[21/05/24 00:01:59] "Haikyuu!! 2 19.mp4" | /home/carlos/All/Drives/Carlos_EXT/Series/Animation/Haikyuu!!/2-Haikyuu!! 2/Haikyuu!! 2 19.mp4
[21/05/24 00:39:35] "Haikyuu!! 2 20.mp4" | /home/carlos/All/Drives/Carlos_EXT/Series/Animation/Haikyuu!!/2-Haikyuu!! 2/Haikyuu!! 2 20.mp4
[21/05/24 00:54:16] "Haikyuu!! 2 21.mp4" | /home/carlos/All/Drives/Carlos_EXT/Series/Animation/Haikyuu!!/2-Haikyuu!! 2/Haikyuu!! 2 21.mp4
[21/05/24 01:05:14] "Haikyuu!! 2 22.mp4" | /home/carlos/All/Drives/Carlos_EXT/Series/Animation/Haikyuu!!/2-Haikyuu!! 2/Haikyuu!! 2 22.mp4
[21/05/24 01:16:14] "Haikyuu!! 2 23.mp4" | /home/carlos/All/Drives/Carlos_EXT/Series/Animation/Haikyuu!!/2-Haikyuu!! 2/Haikyuu!! 2 23.mp4
[21/05/24 01:29:52] "Haikyuu!! 2 24.mp4" | /home/carlos/All/Drives/Carlos_EXT/Series/Animation/Haikyuu!!/2-Haikyuu!! 2/Haikyuu!! 2 24.mp4
[21/05/24 01:44:58] "Haikyuu!! 2 25.mp4" | /home/carlos/All/Drives/Carlos_EXT/Series/Animation/Haikyuu!!/2-Haikyuu!! 2/Haikyuu!! 2 25.mp4
[21/05/24 12:16:38] "Haikyuu!! 3 2.mp4" | /home/carlos/All/Drives/Carlos_EXT/Series/Animation/Haikyuu!!/3-Haikyuu!! 3/Haikyuu!! 3 2.mp4
[21/05/24 12:43:33] "Haikyuu!! 3 3.mp4" | /home/carlos/All/Drives/Carlos_EXT/Series/Animation/Haikyuu!!/3-Haikyuu!! 3/Haikyuu!! 3 3.mp4
[21/05/24 13:00:01] "Haikyuu!! 3 4.mp4" | /home/carlos/All/Drives/Carlos_EXT/Series/Animation/Haikyuu!!/3-Haikyuu!! 3/Haikyuu!! 3 4.mp4
[21/05/24 13:09:28] "Haikyuu!! 3 5.mp4" | /home/carlos/All/Drives/Carlos_EXT/Series/Animation/Haikyuu!!/3-Haikyuu!! 3/Haikyuu!! 3 5.mp4
[21/05/24 13:18:27] "Haikyuu!! 3 6.mp4" | /home/carlos/All/Drives/Carlos_EXT/Series/Animation/Haikyuu!!/3-Haikyuu!! 3/Haikyuu!! 3 6.mp4
[21/05/24 13:28:16] "Haikyuu!! 3 7.mp4" | /home/carlos/All/Drives/Carlos_EXT/Series/Animation/Haikyuu!!/3-Haikyuu!! 3/Haikyuu!! 3 7.mp4
[21/05/24 13:39:16] "Haikyuu!! 3 8.mp4" | /home/carlos/All/Drives/Carlos_EXT/Series/Animation/Haikyuu!!/3-Haikyuu!! 3/Haikyuu!! 3 8.mp4
[21/05/24 13:49:17] "Haikyuu!! 3 9.mp4" | /home/carlos/All/Drives/Carlos_EXT/Series/Animation/Haikyuu!!/3-Haikyuu!! 3/Haikyuu!! 3 9.mp4
[21/05/24 14:04:36] "Haikyuu!! 3 1.mp4" | /home/carlos/All/Drives/Carlos_EXT/Series/Animation/Haikyuu!!/3-Haikyuu!! 3/Haikyuu!! 3 1.mp4
[21/05/24 14:05:04] "Haikyuu!! 3 10.mp4" | /home/carlos/All/Drives/Carlos_EXT/Series/Animation/Haikyuu!!/3-Haikyuu!! 3/Haikyuu!! 3 10.mp4
[21/05/24 18:11:20] "Spice and Wolf - 1x07.mp4" | /home/carlos/All/Drives/Carlos_EXT/Paquete/Anime Transmision/Spice and Wolf - 1x07.mp4
[21/05/24 18:11:26] "Wind Breaker [episodio 6].mp4" | /home/carlos/All/Drives/Carlos_EXT/Paquete/Anime Transmision/Wind Breaker [episodio 6].mp4
[21/05/24 18:11:52] "Ookami to Koushinryou- Merchant Meets the Wise Wolf [episodio 7].mp4" | /home/carlos/All/Drives/Carlos_EXT/Paquete/Anime Transmision/Ookami to Koushinryou- Merchant Meets the Wise Wolf [episodio 7].mp4
[21/05/24 18:28:41] "Backing Track - Buleria Flamenco - Dm C Bb A7.mp4" | /home/carlos/All/Drives/Carlos_USB/Aprender/Musica/Backing tracks/Backing Track - Buleria Flamenco - Dm C Bb A7.mp4
[21/05/24 18:43:25] "Backing track flamenco rumba Am G F E.mp4" | /home/carlos/All/Drives/Carlos_USB/Aprender/Musica/Backing tracks/Backing track flamenco rumba Am G F E.mp4
[21/05/24 18:49:54] "Kono Subarashii Sekai ni Shukufuku wo! 3 [episodio 6].mp4" | /home/carlos/All/Drives/Carlos_EXT/Paquete/Anime Transmision/Kono Subarashii Sekai ni Shukufuku wo! 3 [episodio 6].mp4
[21/05/24 19:44:45] "fategrand-order-zettai-majuu-sensen-babylonia-initium-iter-0.mp4" | /home/carlos/All/Drives/Carlos_EXT/Paquete/fategrand-order-zettai-majuu-sensen-babylonia-initium-iter-0/fategrand-order-zettai-majuu-sensen-babylonia-initium-iter-0.mp4
[21/05/24 19:52:46] "ASÍ ES UN DÍA EN AISLAMIENTO EN LA CÁRCEL - Contado por un ex-preso | The Wild Project" | /home/carlos/All/Drives/Carlos_EXT/Paquete/[!Variados] The Wild Project/ASÍ ES UN DÍA EN AISLAMIENTO EN LA CÁRCEL - Contado por un ex-preso _ The Wild Project.mp4
[21/05/24 20:19:54] "haikyuu-riku-vs-kuu-1.mp4" | /home/carlos/All/Drives/Carlos_EXT/Series/Animation/Haikyuu!!/4-Haikyuu to the top/haikyuu-riku-vs-kuu-1.mp4
[21/05/24 20:29:33] "haikyuu-riku-vs-kuu-2.mp4" | /home/carlos/All/Drives/Carlos_EXT/Series/Animation/Haikyuu!!/4-Haikyuu to the top/haikyuu-riku-vs-kuu-2.mp4
[21/05/24 21:17:08] "haikyuu-to-the-top-1.mp4" | /home/carlos/All/Drives/Carlos_EXT/Series/Animation/Haikyuu!!/4-Haikyuu to the top/haikyuu-to-the-top-1.mp4
[21/05/24 21:31:01] "haikyuu-to-the-top-2.mp4" | /home/carlos/All/Drives/Carlos_EXT/Series/Animation/Haikyuu!!/4-Haikyuu to the top/haikyuu-to-the-top-2.mp4
[21/05/24 21:53:05] "haikyuu-to-the-top-3.mp4" | /home/carlos/All/Drives/Carlos_EXT/Series/Animation/Haikyuu!!/4-Haikyuu to the top/haikyuu-to-the-top-3.mp4
[21/05/24 22:05:05] "haikyuu-to-the-top-4.mp4" | /home/carlos/All/Drives/Carlos_EXT/Series/Animation/Haikyuu!!/4-Haikyuu to the top/haikyuu-to-the-top-4.mp4
[21/05/24 22:28:01] "haikyuu-to-the-top-5.mp4" | /home/carlos/All/Drives/Carlos_EXT/Series/Animation/Haikyuu!!/4-Haikyuu to the top/haikyuu-to-the-top-5.mp4
[21/05/24 22:44:24] "haikyuu-to-the-top-6.mp4" | /home/carlos/All/Drives/Carlos_EXT/Series/Animation/Haikyuu!!/4-Haikyuu to the top/haikyuu-to-the-top-6.mp4
[21/05/24 22:55:00] "haikyuu-to-the-top-7.mp4" | /home/carlos/All/Drives/Carlos_EXT/Series/Animation/Haikyuu!!/4-Haikyuu to the top/haikyuu-to-the-top-7.mp4
[21/05/24 23:24:43] "haikyuu-to-the-top-8.mp4" | /home/carlos/All/Drives/Carlos_EXT/Series/Animation/Haikyuu!!/4-Haikyuu to the top/haikyuu-to-the-top-8.mp4
[21/05/24 23:52:50] "haikyuu-to-the-top-9.mp4" | /home/carlos/All/Drives/Carlos_EXT/Series/Animation/Haikyuu!!/4-Haikyuu to the top/haikyuu-to-the-top-9.mp4
[22/05/24 00:03:31] "haikyuu-to-the-top-10.mp4" | /home/carlos/All/Drives/Carlos_EXT/Series/Animation/Haikyuu!!/4-Haikyuu to the top/haikyuu-to-the-top-10.mp4
[22/05/24 00:17:05] "haikyuu-to-the-top-11.mp4" | /home/carlos/All/Drives/Carlos_EXT/Series/Animation/Haikyuu!!/4-Haikyuu to the top/haikyuu-to-the-top-11.mp4
[22/05/24 00:30:34] "haikyuu-to-the-top-12.mp4" | /home/carlos/All/Drives/Carlos_EXT/Series/Animation/Haikyuu!!/4-Haikyuu to the top/haikyuu-to-the-top-12.mp4
[22/05/24 01:01:43] "haikyuu-to-the-top-13.mp4" | /home/carlos/All/Drives/Carlos_EXT/Series/Animation/Haikyuu!!/4-Haikyuu to the top/haikyuu-to-the-top-13.mp4
[22/05/24 01:11:54] "haikyuu-to-the-top-14.mp4" | /home/carlos/All/Drives/Carlos_EXT/Series/Animation/Haikyuu!!/4-Haikyuu to the top/haikyuu-to-the-top-14.mp4
[22/05/24 01:25:27] "haikyuu-to-the-top-15.mp4" | /home/carlos/All/Drives/Carlos_EXT/Series/Animation/Haikyuu!!/4-Haikyuu to the top/haikyuu-to-the-top-15.mp4
[22/05/24 14:15:53] "haikyuu-to-the-top-16.mp4" | /home/carlos/All/Drives/Carlos_EXT/Series/Animation/Haikyuu!!/4-Haikyuu to the top/haikyuu-to-the-top-16.mp4
[22/05/24 14:39:36] "haikyuu-to-the-top-18.mp4" | /home/carlos/All/Drives/Carlos_EXT/Series/Animation/Haikyuu!!/4-Haikyuu to the top/haikyuu-to-the-top-18.mp4
[22/05/24 14:50:38] "haikyuu-to-the-top-19.mp4" | /home/carlos/All/Drives/Carlos_EXT/Series/Animation/Haikyuu!!/4-Haikyuu to the top/haikyuu-to-the-top-19.mp4
[22/05/24 15:05:09] "haikyuu-to-the-top-20.mp4" | /home/carlos/All/Drives/Carlos_EXT/Series/Animation/Haikyuu!!/4-Haikyuu to the top/haikyuu-to-the-top-20.mp4
[22/05/24 17:04:01] "haikyuu-to-the-top-21.mp4" | /home/carlos/All/Drives/Carlos_EXT/Series/Animation/Haikyuu!!/4-Haikyuu to the top/haikyuu-to-the-top-21.mp4
[22/05/24 17:14:07] "haikyuu-to-the-top-17.mp4" | /home/carlos/All/Drives/Carlos_EXT/Series/Animation/Haikyuu!!/4-Haikyuu to the top/haikyuu-to-the-top-17.mp4
[22/05/24 17:14:58] "haikyuu-to-the-top-22.mp4" | /home/carlos/All/Drives/Carlos_EXT/Series/Animation/Haikyuu!!/4-Haikyuu to the top/haikyuu-to-the-top-22.mp4
[22/05/24 17:26:47] "haikyuu-to-the-top-23.mp4" | /home/carlos/All/Drives/Carlos_EXT/Series/Animation/Haikyuu!!/4-Haikyuu to the top/haikyuu-to-the-top-23.mp4
[22/05/24 17:37:24] "haikyuu-to-the-top-24.mp4" | /home/carlos/All/Drives/Carlos_EXT/Series/Animation/Haikyuu!!/4-Haikyuu to the top/haikyuu-to-the-top-24.mp4
[22/05/24 18:03:29] "haikyuu-to-the-top-25.mp4" | /home/carlos/All/Drives/Carlos_EXT/Series/Animation/Haikyuu!!/4-Haikyuu to the top/haikyuu-to-the-top-25.mp4
[22/05/24 20:45:12] "The Boys 2019 - 1x01.mkv" | /home/carlos/All/Drives/Carlos_EXT/Series/Shows/The Boys/Season 1/The Boys 2019 - [Temp 1] [Cap-01] [MKV]/The Boys 2019 - 1x01.mkv
[22/05/24 21:15:31] "The boys 2019 - 1x02.mkv" | /home/carlos/All/Drives/Carlos_EXT/Series/Shows/The Boys/Season 1/The boys 2019 - [Temp 1] [Cap-02] [MKV]/The boys 2019 - 1x02.mkv
[23/05/24 01:54:19] "The boys 2019 - 1x03.mkv" | /home/carlos/All/Drives/Carlos_EXT/Series/Shows/The Boys/Season 1/The boys 2019 - [Temp 1] [Cap-03] [MKV]/The boys 2019 - 1x03.mkv
[23/05/24 16:29:37] "The boys 2019 - 1x04.mkv" | /home/carlos/All/Drives/Carlos_EXT/Series/Shows/The Boys/Season 1/The boys 2019 - [Temp 1] [Cap-04] [MKV]/The boys 2019 - 1x04.mkv
[23/05/24 20:49:56] "The boys 2019 - 1x05.mkv" | /home/carlos/All/Drives/Carlos_EXT/Series/Shows/The Boys/Season 1/The boys 2019 - [Temp 1] [Cap-05] [MKV]/The boys 2019 - 1x05.mkv
[23/05/24 21:26:16] "The boys 2019 - 1x06.mkv" | /home/carlos/All/Drives/Carlos_EXT/Series/Shows/The Boys/Season 1/The boys 2019 - [Temp 1] [Cap-06] [MKV]/The boys 2019 - 1x06.mkv
[23/05/24 22:31:07] "The boys 2019 - 1x07.mkv" | /home/carlos/All/Drives/Carlos_EXT/Series/Shows/The Boys/Season 1/The boys 2019 - [Temp 1] [Cap-07] [MKV]/The boys 2019 - 1x07.mkv
[23/05/24 23:12:32] "The boys 2019 - 1x08.mkv" | /home/carlos/All/Drives/Carlos_EXT/Series/Shows/The Boys/Season 1/The boys 2019 - [Temp 1] [Cap-08] [MKV]/The boys 2019 - 1x08.mkv
[24/05/24 01:51:07] "The.Boys.S02E01.WEB.x264-PHOENiX.mkv" | /home/carlos/All/Drives/Carlos_EXT/Series/Shows/The Boys/Season 2/The Boys - 2x01.mkv
[24/05/24 14:10:55] "The.Boys.S02E02.WEB.x264-PHOENiX.mkv" | /home/carlos/All/Drives/Carlos_EXT/Series/Shows/The Boys/Season 2/The Boys - 2x02.mkv
[24/05/24 15:36:29] "The Boys S02E03 - RMTeam, RMZ.cr" | /home/carlos/All/Drives/Carlos_EXT/Series/Shows/The Boys/Season 2/The boys - 2x03.mkv
[24/05/24 15:36:37] "The.Boys.S02E04.WEB.x264-PHOENiX.mkv" | /home/carlos/All/Drives/Carlos_EXT/Series/Shows/The Boys/Season 2/The Boys - 2x04.mkv
[24/05/24 15:36:59] "The Boys - 2x05.avi" | /home/carlos/All/Drives/Carlos_EXT/Series/Shows/The Boys/Season 2/The Boys - 2x05.avi
[25/05/24 00:27:12] "PSArips.com | The.Boys.2019.S02E06.The.Bloody.Doors.Off.720p.10bit.WEBRip.2CH.x265.HEVC-PSA" | /home/carlos/All/Drives/Carlos_EXT/Series/Shows/The Boys/Season 2/The Boys - 2x06.mkv
[25/05/24 00:27:16] "The Boys - 2x07.mkv" | /home/carlos/All/Drives/Carlos_EXT/Series/Shows/The Boys/Season 2/The Boys - 2x07.mkv
[25/05/24 01:03:39] "The.Boys.S02E08.WEB.x264-PHOENiX.mkv" | /home/carlos/All/Drives/Carlos_EXT/Series/Shows/The Boys/Season 2/The Boys - 2x08.mkv
[25/05/24 09:13:33] "S03E01" | /home/carlos/All/Drives/Carlos_EXT/Series/Shows/The Boys/Season 3/The Boys - 3x01 DUAL.mkv
[25/05/24 23:33:33] "S03E02" | /home/carlos/All/Drives/Carlos_EXT/Series/Shows/The Boys/Season 3/The Boys - 3x02 DUAL.mkv
[25/05/24 23:33:55] "S03E03" | /home/carlos/All/Drives/Carlos_EXT/Series/Shows/The Boys/Season 3/The Boys - 3x03 DUAL.mkv
[25/05/24 23:34:25] "S03E04" | /home/carlos/All/Drives/Carlos_EXT/Series/Shows/The Boys/Season 3/The Boys - 3x04 DUAL.mkv
[26/05/24 00:01:53] "S03E05" | /home/carlos/All/Drives/Carlos_EXT/Series/Shows/The Boys/Season 3/The Boys - 3x05 DUAL.mkv
[26/05/24 03:12:30] "MoviezVerse.com" | /home/carlos/All/Drives/Carlos_EXT/Series/Shows/The Boys/Season 3/The Boys 3x06 - Herogasm (Español (España)).mkv
[22/08/24 14:42:42] "Gimai Seikatsu [episodio 7].mp4" | /media/carlos/Carlos/Paquete/Anime Transmision/Gimai Seikatsu [episodio 7].mp4
[23/08/24 01:33:17] "Kami no Tou- Ouji no Kikan Episodio 6.mp4" | /media/carlos/Carlos/Paquete/Anime Transmision/Kami no Tou- Ouji no Kikan Episodio 6.mp4
[23/08/24 01:40:36] "Ore wa Subete wo 'Parry' suru- Gyaku Kanchigai no Sekai Saikyou wa Boukensha ni Naritai [episodio 7].mp4" | /media/carlos/Carlos/Paquete/Anime Transmision/Ore wa Subete wo 'Parry' suru- Gyaku Kanchigai no Sekai Saikyou wa Boukensha ni Naritai [episodio 7].mp4
[23/08/24 02:14:46] "Ookami to Koushinryou Merchant Meets the Wise Wolf Episodio 19.mp4" | /media/carlos/Carlos/Paquete/Anime Transmision/Ookami to Koushinryou Merchant Meets the Wise Wolf Episodio 19.mp4
[23/08/24 02:14:54] "Ookami to Koushinryou- Merchant Meets the Wise Wolf [episodio 19].mp4" | /media/carlos/Carlos/Paquete/Anime Transmision/Ookami to Koushinryou- Merchant Meets the Wise Wolf [episodio 19].mp4
[24/08/24 00:13:45] "Tokidoki Bosotto Russia-go de Dereru Tonari no Alya-san [episodio 6].mp4" | /media/carlos/Carlos/Paquete/Anime Transmision/Tokidoki Bosotto Russia-go de Dereru Tonari no Alya-san [episodio 6].mp4
[24/08/24 00:13:50] "Tokidoki Bosotto Russia-go de Dereru Tonari no Alya-san [episodio 7].mp4" | /media/carlos/Carlos/Paquete/Anime Transmision/Tokidoki Bosotto Russia-go de Dereru Tonari no Alya-san [episodio 7].mp4
[24/08/24 00:13:55] "Yozakura-san Chi no Daisakusen Episodio 19.mp4" | /media/carlos/Carlos/Paquete/Anime Transmision/Yozakura-san Chi no Daisakusen Episodio 19.mp4
[24/08/24 00:45:16] "Otome Game no Hametsu Flag shika Nai Akuyaku Reijou ni Tensei shiteshimatta… Movie [episodio 1].mp4" | /media/carlos/Carlos/Paquete/Anime Transmision/Peliculas Anime [Clasicas HD]/Otome Game no Hametsu Flag shika Nai Akuyaku Reijou ni Tensei shiteshimatta… Movie [episodio 1].mp4
[24/08/24 01:11:34] "Shoushimin Series Episodio 3.mp4" | /media/carlos/Carlos/Paquete/Anime Transmision/Shoushimin Series Episodio 3.mp4
[24/08/24 01:28:44] "Shoushimin Series [episodio 4].mp4" | /media/carlos/Carlos/Paquete/Anime Transmision/Shoushimin Series [episodio 4].mp4
[24/08/24 19:01:18] "Watchmen Chapter I [2024] [1080p].mp4" | /media/carlos/Carlos/Paquete/Watchmen Chapter I [2024] [1080p] [1.55 Gb]/Watchmen Chapter I [2024] [1080p].mp4
[24/08/24 19:23:22] "Nocturne (Chopin) Op.9, No.2.mp4" | /media/carlos/USB/Aprender/Musica/Canciones/Aprendida/Nocturne (Chopin) Op.9, No.2.mp4
[24/08/24 19:56:49] "Koi wa Futago de Warikirenai [episodio 2].mp4" | /media/carlos/Carlos/Paquete/Anime Transmision/Koi wa Futago de Warikirenai [episodio 2].mp4
[25/08/24 00:55:46] "Fight Club 1999 BRrip 720p x264 [Herakler]" | /media/carlos/Carlos/Peliculas/Peliculas/Fight Club/Fight Club 1999 BRrip 720p x264 [Herakler].mkv
[25/08/24 01:29:40] "Koi wa Futago de Warikirenai [episodio 3].mp4" | /media/carlos/Carlos/Paquete/Anime Transmision/Koi wa Futago de Warikirenai [episodio 3].mp4
[25/08/24 01:40:46] "Prelude_BWV_998_by_J._S._Bach(360p).mp4" | /media/carlos/USB/Aprender/Musica/Canciones/Aprender/Prelude_BWV_998_by_J._S._Bach(360p).mp4
[26/08/24 12:26:35] "Spider-Man.2002.UHD.720p.BluRay.x264-Pahe.in.mkv" | /media/carlos/Carlos/Peliculas/Peliculas/Spidey/Spider-Man.2002.UHD.720p.BluRay.x264-Pahe.in.mkv
[26/08/24 15:06:34] "Koi wa Futago de Warikirenai [episodio 4].mp4" | /media/carlos/Carlos/Paquete/Anime Transmision/Koi wa Futago de Warikirenai [episodio 4].mp4
[26/08/24 19:25:04] "J._S._Bach_-_BWV_998_-_II_Fugue_-_Guitar_Lesson_TAB(360p).mp4" | /media/carlos/USB/Aprender/Musica/Canciones/J._S._Bach_-_BWV_998_-_II_Fugue_-_Guitar_Lesson_TAB(360p).mp4
[26/08/24 19:25:07] "The Amazing Spider-Man 2 (2014)" | /media/carlos/Carlos/Peliculas/Peliculas/Spidey/The.Amazing.Spider-Man.2.2014.UHD.720p.BluRay.x264-Pahe..mkv
[26/08/24 23:16:12] "Spider-Man.2.2004.UHD.720p.BluRay.x264-Pahe.in.mkv" | /media/carlos/Carlos/Peliculas/Peliculas/Spidey/Spider-Man.2.2004.UHD.720p.BluRay.x264-Pahe.in.mkv
[26/08/24 23:16:23] "Spider-Man.3.2007.UHD.720p.BluRay.x264-Pahe.in.mkv" | /media/carlos/Carlos/Peliculas/Peliculas/Spidey/Spider-Man.3.2007.UHD.720p.BluRay.x264-Pahe.in.mkv
[26/08/24 23:24:29] "2.5-jigen no Ririsa 1x07.mp4" | /media/carlos/Carlos/Paquete/Anime Online [Transmision]/2.5-jigen no Ririsa 1x07.mp4
[04/10/24 18:34:56] "Modern Family 8x21 - Alone Time (Español (España)).mkv" | /media/carlos/Carlos/Series/Sitcom/Modern Family/8/Modern Family 8x21 - Alone Time (Español (España)).mkv
[04/10/24 19:35:02] "Modern Family 8x22 - The Graduates (Español (España)).mkv" | /media/carlos/Carlos/Series/Sitcom/Modern Family/8/Modern Family 8x22 - The Graduates (Español (España)).mkv
[04/10/24 19:50:09] "Modern Family 9x01 - Lake Life.mp4" | /media/carlos/Carlos/Series/Sitcom/Modern Family/9/Modern Family 9x01 - Lake Life.mp4
[04/10/24 22:47:08] "Modern Family 9x02 - The Long Goodbye.mkv" | /media/carlos/Carlos/Series/Sitcom/Modern Family/9/Modern Family 9x02 - The Long Goodbye.mkv
[04/10/24 23:10:55] "Modern Family 9x03 - Catch of the Day.mp4" | /media/carlos/Carlos/Series/Sitcom/Modern Family/9/Modern Family 9x03 - Catch of the Day.mp4
[04/10/24 23:36:47] "Modern Family 9x04 - Sex Lies Kickball.mp4" | /media/carlos/Carlos/Series/Sitcom/Modern Family/9/Modern Family 9x04 - Sex Lies Kickball.mp4
[05/10/24 00:01:10] "Modern Family 9x05 - It's the Great Pumpkin, Phil Dunphy.mkv" | /media/carlos/Carlos/Series/Sitcom/Modern Family/9/Modern Family 9x05 - It's the Great Pumpkin, Phil Dunphy.mkv
[05/10/24 00:22:50] "Modern Family 9x06 - Ten Years Later.mp4" | /media/carlos/Carlos/Series/Sitcom/Modern Family/9/Modern Family 9x06 - Ten Years Later.mp4
[05/10/24 00:44:47] "Modern Family 9x07 - Winner Winner Turkey Dinner.mp4" | /media/carlos/Carlos/Series/Sitcom/Modern Family/9/Modern Family 9x07 - Winner Winner Turkey Dinner.mp4
[05/10/24 01:05:51] "Modern Family 9x08 - Brushes with Celebrity.mkv" | /media/carlos/Carlos/Series/Sitcom/Modern Family/9/Modern Family 9x08 - Brushes with Celebrity.mkv
[06/10/24 02:32:56] "Modern Family 9x09 - Tough Love.mkV" | /media/carlos/Carlos/Series/Sitcom/Modern Family/9/Modern Family 9x09 - Tough Love.mkV
[06/10/24 02:45:58] "Modern Family 9x10 - No Small Feet.mp4" | /media/carlos/Carlos/Series/Sitcom/Modern Family/9/Modern Family 9x10 - No Small Feet.mp4
[07/10/24 11:21:13] "Modern Family 9x11 - He Said She Shed.mp4" | /media/carlos/Carlos/Series/Sitcom/Modern Family/9/Modern Family 9x11 - He Said She Shed.mp4
[07/10/24 20:37:38] "Modern Family S09E12 " | /media/carlos/Carlos/Series/Sitcom/Modern Family/9/Modern Family 9x12 - Dear Beloved Family.mp4
[07/10/24 20:59:32] "Modern Family 9x13 - In Your Head.mkv" | /media/carlos/Carlos/Series/Sitcom/Modern Family/9/Modern Family 9x13 - In Your Head.mkv
[07/10/24 21:25:52] "Modern Family 9x14 - Written in the Stars.mp4" | /media/carlos/Carlos/Series/Sitcom/Modern Family/9/Modern Family 9x14 - Written in the Stars.mp4
[07/10/24 21:45:33] "Modern Family 9x15 - Spanks for the Memories.mkv" | /media/carlos/Carlos/Series/Sitcom/Modern Family/9/Modern Family 9x15 - Spanks for the Memories.mkv
[07/10/24 22:06:40] "Modern Family 9x16.mp4" | /media/carlos/Carlos/Series/Sitcom/Modern Family/9/Modern Family 9x16.mp4
[07/10/24 22:27:40] "Modern Family 9x17.mp4" | /media/carlos/Carlos/Series/Sitcom/Modern Family/9/Modern Family 9x17.mp4
[07/10/24 22:47:05] "Modern Family 9x18 - Daddy Issues.mp4" | /media/carlos/Carlos/Series/Sitcom/Modern Family/9/Modern Family 9x18 - Daddy Issues.mp4
[08/10/24 14:31:28] "Modern Family 9x19 - CHiPs and Salsa.mp4" | /media/carlos/Carlos/Series/Sitcom/Modern Family/9/Modern Family 9x19 - CHiPs and Salsa.mp4
[08/10/24 15:04:17] "Modern Family 9x20 - Mother!.mp4" | /media/carlos/Carlos/Series/Sitcom/Modern Family/9/Modern Family 9x20 - Mother!.mp4
[08/10/24 18:12:13] "Modern Family 9x21 - The Escape.mp4" | /media/carlos/Carlos/Series/Sitcom/Modern Family/9/Modern Family 9x21 - The Escape.mp4
[08/10/24 23:30:35] "Modern Family 9x22 - Clash of Swords.mp4" | /media/carlos/Carlos/Series/Sitcom/Modern Family/9/Modern Family 9x22 - Clash of Swords.mp4
[09/10/24 11:48:15] "Modern Family - 10x01.mp4" | /media/carlos/Carlos/Series/Sitcom/Modern Family/10/Modern Family - 10x01.mp4
[09/10/24 11:48:15] "Modern Family - 10x02.mp4" | /media/carlos/Carlos/Series/Sitcom/Modern Family/10/Modern Family - 10x02.mp4
[09/10/24 11:48:15] "Modern Family - 10x03.mp4" | /media/carlos/Carlos/Series/Sitcom/Modern Family/10/Modern Family - 10x03.mp4
[09/10/24 11:48:15] "Modern Family - 10x04.mp4" | /media/carlos/Carlos/Series/Sitcom/Modern Family/10/Modern Family - 10x04.mp4
[09/10/24 11:48:15] "Modern Family - 10x05.mp4" | /media/carlos/Carlos/Series/Sitcom/Modern Family/10/Modern Family - 10x05.mp4
[09/10/24 11:48:16] "Modern Family - 10x06.mp4" | /media/carlos/Carlos/Series/Sitcom/Modern Family/10/Modern Family - 10x06.mp4
[09/10/24 11:56:08] "Modern Family - 10x07.mp4" | /media/carlos/Carlos/Series/Sitcom/Modern Family/10/Modern Family - 10x07.mp4
[09/10/24 12:28:31] "Modern Family - 10x08.mp4" | /media/carlos/Carlos/Series/Sitcom/Modern Family/10/Modern Family - 10x08.mp4
[09/10/24 12:49:56] "Modern Family - 10x09.mp4" | /media/carlos/Carlos/Series/Sitcom/Modern Family/10/Modern Family - 10x09.mp4
[09/10/24 13:10:55] "Modern Family - 10x10.mkv" | /media/carlos/Carlos/Series/Sitcom/Modern Family/10/Modern Family - 10x10.mkv
[09/10/24 13:42:44] "Modern Family - 10x11.mp4" | /media/carlos/Carlos/Series/Sitcom/Modern Family/10/Modern Family - 10x11.mp4
